<?xml version="1.0" encoding="UTF-8"?>
<TestRun id="fa98e7e5-a48a-4cf6-8b7a-853b6a2d8a99" name="pankaj.patil@QHPUNM8DT321 2018-08-28 12:02:30" runUser="QH\pankaj.patil" xmlns="http://microsoft.com/schemas/VisualStudio/TeamTest/2006">
  <TestRunConfiguration name="Local Test Run" id="dee4ed7c-730d-46af-8158-75bc7801a983">
    <Description>This is a default test run configuration for a local test run.</Description>
    <Deployment runDeploymentRoot="D:\Assignment 1\DLLTest\TestResults\pankaj.patil_QHPUNM8DT321 2018-08-28 12_02_30" />
    <TestTypeSpecific />
  </TestRunConfiguration>
  <ResultSummary outcome="Completed">
    <Counters total="1" executed="1" passed="1" error="0" failed="0" timeout="0" aborted="0" inconclusive="0" passedButRunAborted="0" notRunnable="0" notExecuted="0" disconnected="0" warning="0" completed="0" inProgress="0" pending="0" />
  </ResultSummary>
  <Times creation="2018-08-28T12:02:30.4142973+05:30" queuing="2018-08-28T12:02:30.9319379+05:30" start="2018-08-28T12:02:31.0256941+05:30" finish="2018-08-28T12:02:31.2444592+05:30" />
  <TestDefinitions>
    <UnitTest name="TestMethod1" storage="d:\assignment 1\dlltest\debug\simplecalculationstests.dll" id="9731d28e-438e-5198-ed93-d056df7f9561">
      <Css projectStructure="" iteration="" />
      <Owners>
        <Owner name="" />
      </Owners>
      <Execution id="f8ac92cb-c861-47ee-9c34-e794cda5fd98" />
      <TestMethod codeBase="D:\Assignment 1\DLLTest\Debug\SimpleCalculationsTests.dll" adapterTypeName="Microsoft.VisualStudio.TestTools.TestTypes.Unit.UnitTestAdapter, Microsoft.VisualStudio.QualityTools.Tips.UnitTest.Adapter, Version=9.0.0.0, Culture=neutral, PublicKeyToken=b03f5f7f11d50a3a" className="SimpleCalculationsTests.UnitTest1, SimpleCalculationsTests" name="TestMethod1" />
    </UnitTest>
  </TestDefinitions>
  <TestLists>
    <TestList name="Results Not in a List" id="8c84fa94-04c1-424b-9868-57a2d4851a1d" />
    <TestList name="All Loaded Results" id="19431567-8539-422a-85d7-44ee4e166bda" />
  </TestLists>
  <TestEntries>
    <TestEntry testId="9731d28e-438e-5198-ed93-d056df7f9561" executionId="f8ac92cb-c861-47ee-9c34-e794cda5fd98" testListId="8c84fa94-04c1-424b-9868-57a2d4851a1d" />
  </TestEntries>
  <Results>
    <UnitTestResult executionId="f8ac92cb-c861-47ee-9c34-e794cda5fd98" testId="9731d28e-438e-5198-ed93-d056df7f9561" testName="TestMethod1" computerName="QHPUNM8DT321" duration="00:00:00.0187498" startTime="2018-08-28T12:02:31.0569455+05:30" endTime="2018-08-28T12:02:31.2132114+05:30" testType="13cdc9d9-ddb5-4fa4-a97d-d965ccfc6d4b" outcome="Passed" testListId="8c84fa94-04c1-424b-9868-57a2d4851a1d">
      <Output>
      </Output>
    </UnitTestResult>
  </Results>
</TestRun>